c:\users\gmamy\desktop\bit1\leto\izg\izg_lab_04\build\izg04.dir\debug\vc143.pdb
c:\users\gmamy\desktop\bit1\leto\izg\izg_lab_04\build\izg04.dir\debug\main.obj
c:\users\gmamy\desktop\bit1\leto\izg\izg_lab_04\build\izg04.dir\debug\student.obj
c:\users\gmamy\desktop\bit1\leto\izg\izg_lab_04\build\izg04.dir\debug\izg_translate1ddragger.obj
c:\users\gmamy\desktop\bit1\leto\izg\izg_lab_04\build\izg04.dir\debug\izg_trackballdragger.obj
c:\users\gmamy\desktop\bit1\leto\izg\izg_lab_04\build\izg04.dir\debug\izg_scale1ddragger.obj
c:\users\gmamy\desktop\bit1\leto\izg\izg_lab_04\build\izg04.dir\debug\izg_rotatecylinderdragger.obj
c:\users\gmamy\desktop\bit1\leto\izg\izg_lab_04\build\izg04.dir\debug\izg_multidragger.obj
c:\users\gmamy\desktop\bit1\leto\izg\izg_lab_04\build\cmakefiles\generate.stamp
c:\users\gmamy\desktop\bit1\leto\izg\izg_lab_04\build\debug\izg04.exe
c:\users\gmamy\desktop\bit1\leto\izg\izg_lab_04\build\izg04.dir\debug\izg04.ilk
c:\users\gmamy\desktop\bit1\leto\izg\izg_lab_04\build\debug\izg04.pdb
c:\users\gmamy\desktop\bit1\leto\izg\izg_lab_04\build\izg04.dir\debug\izg04.tlog\cl.command.1.tlog
c:\users\gmamy\desktop\bit1\leto\izg\izg_lab_04\build\izg04.dir\debug\izg04.tlog\cl.read.1.tlog
c:\users\gmamy\desktop\bit1\leto\izg\izg_lab_04\build\izg04.dir\debug\izg04.tlog\cl.write.1.tlog
c:\users\gmamy\desktop\bit1\leto\izg\izg_lab_04\build\izg04.dir\debug\izg04.tlog\custombuild.command.1.tlog
c:\users\gmamy\desktop\bit1\leto\izg\izg_lab_04\build\izg04.dir\debug\izg04.tlog\custombuild.read.1.tlog
c:\users\gmamy\desktop\bit1\leto\izg\izg_lab_04\build\izg04.dir\debug\izg04.tlog\custombuild.write.1.tlog
c:\users\gmamy\desktop\bit1\leto\izg\izg_lab_04\build\izg04.dir\debug\izg04.tlog\link.command.1.tlog
c:\users\gmamy\desktop\bit1\leto\izg\izg_lab_04\build\izg04.dir\debug\izg04.tlog\link.read.1.tlog
c:\users\gmamy\desktop\bit1\leto\izg\izg_lab_04\build\izg04.dir\debug\izg04.tlog\link.write.1.tlog
