Performing C SOURCE FILE Test CMAKE_HAVE_LIBC_PTHREAD failed with the following output:
Change Dir: C:/Users/gmamy/Desktop/bit1/leto/IZG/izg_lab_04/build/CMakeFiles/CMakeScratch/TryCompile-b37yxw

Run Build Command(s):C:/Program Files/Microsoft Visual Studio/2022/Enterprise/MSBuild/Current/Bin/amd64/MSBuild.exe cmTC_71d80.vcxproj /p:Configuration=Debug /p:Platform=x64 /p:VisualStudioVersion=17.0 /v:m && MSBuild version 17.4.1+9a89d02ff for .NET Framework
  Microsoft (R) C/C++ Optimizing Compiler Version 19.34.31942 for x64
  src.c
  Copyright (C) Microsoft Corporation.  All rights reserved.
  cl /c /Zi /W1 /WX- /diagnostics:column /Od /Ob0 /D _MBCS /D WIN32 /D _WINDOWS /D CMAKE_HAVE_LIBC_PTHREAD /D "CMAKE_INTDIR=\"Debug\"" /Gm- /RTC1 /MDd /GS /fp:precise /Zc:wchar_t /Zc:forScope /Zc:inline /Fo"cmTC_71d80.dir\Debug\\" /Fd"cmTC_71d80.dir\Debug\vc143.pdb" /external:W1 /Gd /TC /errorReport:queue "C:\Users\gmamy\Desktop\bit1\leto\IZG\izg_lab_04\build\CMakeFiles\CMakeScratch\TryCompile-b37yxw\src.c"
C:\Users\gmamy\Desktop\bit1\leto\IZG\izg_lab_04\build\CMakeFiles\CMakeScratch\TryCompile-b37yxw\src.c(1,10): fatal  error C1083: Cannot open include file: 'pthread.h': No such file or directory [C:\Users\gmamy\Desktop\bit1\leto\IZG\izg_lab_04\build\CMakeFiles\CMakeScratch\TryCompile-b37yxw\cmTC_71d80.vcxproj]


Source file was:
#include <pthread.h>

static void* test_func(void* data)
{
  return data;
}

int main(void)
{
  pthread_t thread;
  pthread_create(&thread, NULL, test_func, NULL);
  pthread_detach(thread);
  pthread_cancel(thread);
  pthread_join(thread, NULL);
  pthread_atfork(NULL, NULL, NULL);
  pthread_exit(NULL);

  return 0;
}


Determining if the function pthread_create exists in the pthreads failed with the following output:
Change Dir: C:/Users/gmamy/Desktop/bit1/leto/IZG/izg_lab_04/build/CMakeFiles/CMakeScratch/TryCompile-lxxugn

Run Build Command(s):C:/Program Files/Microsoft Visual Studio/2022/Enterprise/MSBuild/Current/Bin/amd64/MSBuild.exe cmTC_7e5ca.vcxproj /p:Configuration=Debug /p:Platform=x64 /p:VisualStudioVersion=17.0 /v:m && MSBuild version 17.4.1+9a89d02ff for .NET Framework
  Microsoft (R) C/C++ Optimizing Compiler Version 19.34.31942 for x64
  CheckFunctionExists.c
  Copyright (C) Microsoft Corporation.  All rights reserved.
  cl /c /Zi /W1 /WX- /diagnostics:column /Od /Ob0 /D _MBCS /D WIN32 /D _WINDOWS /D CHECK_FUNCTION_EXISTS=pthread_create /D "CMAKE_INTDIR=\"Debug\"" /Gm- /RTC1 /MDd /GS /fp:precise /Zc:wchar_t /Zc:forScope /Zc:inline /Fo"cmTC_7e5ca.dir\Debug\\" /Fd"cmTC_7e5ca.dir\Debug\vc143.pdb" /external:W1 /Gd /TC /errorReport:queue "C:\Users\gmamy\Desktop\bit1\leto\IZG\izg_lab_04\build\CMakeFiles\CMakeScratch\TryCompile-lxxugn\CheckFunctionExists.c"
LINK : fatal error LNK1104: cannot open file 'pthreads.lib' [C:\Users\gmamy\Desktop\bit1\leto\IZG\izg_lab_04\build\CMakeFiles\CMakeScratch\TryCompile-lxxugn\cmTC_7e5ca.vcxproj]



Determining if the function pthread_create exists in the pthread failed with the following output:
Change Dir: C:/Users/gmamy/Desktop/bit1/leto/IZG/izg_lab_04/build/CMakeFiles/CMakeScratch/TryCompile-hekony

Run Build Command(s):C:/Program Files/Microsoft Visual Studio/2022/Enterprise/MSBuild/Current/Bin/amd64/MSBuild.exe cmTC_2113e.vcxproj /p:Configuration=Debug /p:Platform=x64 /p:VisualStudioVersion=17.0 /v:m && MSBuild version 17.4.1+9a89d02ff for .NET Framework
  Microsoft (R) C/C++ Optimizing Compiler Version 19.34.31942 for x64
  CheckFunctionExists.c
  Copyright (C) Microsoft Corporation.  All rights reserved.
  cl /c /Zi /W1 /WX- /diagnostics:column /Od /Ob0 /D _MBCS /D WIN32 /D _WINDOWS /D CHECK_FUNCTION_EXISTS=pthread_create /D "CMAKE_INTDIR=\"Debug\"" /Gm- /RTC1 /MDd /GS /fp:precise /Zc:wchar_t /Zc:forScope /Zc:inline /Fo"cmTC_2113e.dir\Debug\\" /Fd"cmTC_2113e.dir\Debug\vc143.pdb" /external:W1 /Gd /TC /errorReport:queue "C:\Users\gmamy\Desktop\bit1\leto\IZG\izg_lab_04\build\CMakeFiles\CMakeScratch\TryCompile-hekony\CheckFunctionExists.c"
LINK : fatal error LNK1104: cannot open file 'pthread.lib' [C:\Users\gmamy\Desktop\bit1\leto\IZG\izg_lab_04\build\CMakeFiles\CMakeScratch\TryCompile-hekony\cmTC_2113e.vcxproj]



